<?xml version="1.0" encoding="UTF-8"?>
<testsuite name="com.devcontact.DevcontactTest" tests="1" skipped="0" failures="0" errors="0" timestamp="2022-04-16T23:03:37" hostname="mbp-de-matheus" time="0.073">
  <properties/>
  <testcase name="test the server is running" classname="com.devcontact.DevcontactTest" time="0.073"/>
  <system-out><![CDATA[?[36m20:03:36.615?[0;39m ?[1;30m[pool-1-thread-1 @coroutine#3]?[0;39m ?[34mINFO ?[0;39m ?[35mi.m.context.env.DefaultEnvironment?[0;39m - Established active environments: [test]
]]></system-out>
  <system-err><![CDATA[]]></system-err>
</testsuite>
